mode: set
github.com/extmatperez/meli_bootcamp_go_w2-4/internal/warehouse/repository.go:24.43,28.2 1 0
github.com/extmatperez/meli_bootcamp_go_w2-4/internal/warehouse/repository.go:30.78,33.16 3 0
github.com/extmatperez/meli_bootcamp_go_w2-4/internal/warehouse/repository.go:33.16,35.3 1 0
github.com/extmatperez/meli_bootcamp_go_w2-4/internal/warehouse/repository.go:37.2,39.18 2 0
github.com/extmatperez/meli_bootcamp_go_w2-4/internal/warehouse/repository.go:39.18,43.3 3 0
github.com/extmatperez/meli_bootcamp_go_w2-4/internal/warehouse/repository.go:45.2,45.24 1 0
github.com/extmatperez/meli_bootcamp_go_w2-4/internal/warehouse/repository.go:48.81,53.16 5 0
github.com/extmatperez/meli_bootcamp_go_w2-4/internal/warehouse/repository.go:53.16,55.3 1 0
github.com/extmatperez/meli_bootcamp_go_w2-4/internal/warehouse/repository.go:57.2,57.15 1 0
github.com/extmatperez/meli_bootcamp_go_w2-4/internal/warehouse/repository.go:60.77,65.2 4 0
github.com/extmatperez/meli_bootcamp_go_w2-4/internal/warehouse/repository.go:67.81,70.16 3 0
github.com/extmatperez/meli_bootcamp_go_w2-4/internal/warehouse/repository.go:70.16,72.3 1 0
github.com/extmatperez/meli_bootcamp_go_w2-4/internal/warehouse/repository.go:74.2,75.16 2 0
github.com/extmatperez/meli_bootcamp_go_w2-4/internal/warehouse/repository.go:75.16,77.3 1 0
github.com/extmatperez/meli_bootcamp_go_w2-4/internal/warehouse/repository.go:79.2,80.16 2 0
github.com/extmatperez/meli_bootcamp_go_w2-4/internal/warehouse/repository.go:80.16,82.3 1 0
github.com/extmatperez/meli_bootcamp_go_w2-4/internal/warehouse/repository.go:84.2,84.21 1 0
github.com/extmatperez/meli_bootcamp_go_w2-4/internal/warehouse/repository.go:87.76,90.16 3 0
github.com/extmatperez/meli_bootcamp_go_w2-4/internal/warehouse/repository.go:90.16,92.3 1 0
github.com/extmatperez/meli_bootcamp_go_w2-4/internal/warehouse/repository.go:94.2,95.16 2 0
github.com/extmatperez/meli_bootcamp_go_w2-4/internal/warehouse/repository.go:95.16,97.3 1 0
github.com/extmatperez/meli_bootcamp_go_w2-4/internal/warehouse/repository.go:99.2,100.16 2 0
github.com/extmatperez/meli_bootcamp_go_w2-4/internal/warehouse/repository.go:100.16,102.3 1 0
github.com/extmatperez/meli_bootcamp_go_w2-4/internal/warehouse/repository.go:104.2,104.12 1 0
github.com/extmatperez/meli_bootcamp_go_w2-4/internal/warehouse/repository.go:107.64,110.16 3 0
github.com/extmatperez/meli_bootcamp_go_w2-4/internal/warehouse/repository.go:110.16,112.3 1 0
github.com/extmatperez/meli_bootcamp_go_w2-4/internal/warehouse/repository.go:114.2,115.16 2 0
github.com/extmatperez/meli_bootcamp_go_w2-4/internal/warehouse/repository.go:115.16,117.3 1 0
github.com/extmatperez/meli_bootcamp_go_w2-4/internal/warehouse/repository.go:119.2,120.16 2 0
github.com/extmatperez/meli_bootcamp_go_w2-4/internal/warehouse/repository.go:120.16,122.3 1 0
github.com/extmatperez/meli_bootcamp_go_w2-4/internal/warehouse/repository.go:124.2,124.16 1 0
github.com/extmatperez/meli_bootcamp_go_w2-4/internal/warehouse/repository.go:124.16,126.3 1 0
github.com/extmatperez/meli_bootcamp_go_w2-4/internal/warehouse/repository.go:128.2,128.12 1 0
github.com/extmatperez/meli_bootcamp_go_w2-4/internal/warehouse/service.go:32.39,36.2 1 1
github.com/extmatperez/meli_bootcamp_go_w2-4/internal/warehouse/service.go:45.93,47.11 2 1
github.com/extmatperez/meli_bootcamp_go_w2-4/internal/warehouse/service.go:47.11,49.3 1 1
github.com/extmatperez/meli_bootcamp_go_w2-4/internal/warehouse/service.go:51.2,52.16 2 1
github.com/extmatperez/meli_bootcamp_go_w2-4/internal/warehouse/service.go:52.16,54.3 1 0
github.com/extmatperez/meli_bootcamp_go_w2-4/internal/warehouse/service.go:56.2,58.15 2 1
github.com/extmatperez/meli_bootcamp_go_w2-4/internal/warehouse/service.go:66.75,68.16 2 1
github.com/extmatperez/meli_bootcamp_go_w2-4/internal/warehouse/service.go:68.16,70.3 1 0
github.com/extmatperez/meli_bootcamp_go_w2-4/internal/warehouse/service.go:72.2,72.18 1 1
github.com/extmatperez/meli_bootcamp_go_w2-4/internal/warehouse/service.go:82.78,84.16 2 1
github.com/extmatperez/meli_bootcamp_go_w2-4/internal/warehouse/service.go:84.16,86.3 1 1
github.com/extmatperez/meli_bootcamp_go_w2-4/internal/warehouse/service.go:88.2,88.15 1 1
github.com/extmatperez/meli_bootcamp_go_w2-4/internal/warehouse/service.go:100.93,102.16 2 1
github.com/extmatperez/meli_bootcamp_go_w2-4/internal/warehouse/service.go:102.16,104.3 1 1
github.com/extmatperez/meli_bootcamp_go_w2-4/internal/warehouse/service.go:106.2,106.21 1 1
github.com/extmatperez/meli_bootcamp_go_w2-4/internal/warehouse/service.go:106.21,108.3 1 1
github.com/extmatperez/meli_bootcamp_go_w2-4/internal/warehouse/service.go:109.2,109.23 1 1
github.com/extmatperez/meli_bootcamp_go_w2-4/internal/warehouse/service.go:109.23,111.3 1 1
github.com/extmatperez/meli_bootcamp_go_w2-4/internal/warehouse/service.go:112.2,112.27 1 1
github.com/extmatperez/meli_bootcamp_go_w2-4/internal/warehouse/service.go:112.27,115.56 2 1
github.com/extmatperez/meli_bootcamp_go_w2-4/internal/warehouse/service.go:115.56,117.4 1 1
github.com/extmatperez/meli_bootcamp_go_w2-4/internal/warehouse/service.go:117.9,118.13 1 0
github.com/extmatperez/meli_bootcamp_go_w2-4/internal/warehouse/service.go:118.13,120.5 1 0
github.com/extmatperez/meli_bootcamp_go_w2-4/internal/warehouse/service.go:123.3,123.51 1 1
github.com/extmatperez/meli_bootcamp_go_w2-4/internal/warehouse/service.go:125.2,125.28 1 1
github.com/extmatperez/meli_bootcamp_go_w2-4/internal/warehouse/service.go:125.28,127.3 1 1
github.com/extmatperez/meli_bootcamp_go_w2-4/internal/warehouse/service.go:128.2,128.31 1 1
github.com/extmatperez/meli_bootcamp_go_w2-4/internal/warehouse/service.go:128.31,130.3 1 1
github.com/extmatperez/meli_bootcamp_go_w2-4/internal/warehouse/service.go:132.2,133.16 2 1
github.com/extmatperez/meli_bootcamp_go_w2-4/internal/warehouse/service.go:133.16,135.3 1 1
github.com/extmatperez/meli_bootcamp_go_w2-4/internal/warehouse/service.go:137.2,137.30 1 1
github.com/extmatperez/meli_bootcamp_go_w2-4/internal/warehouse/service.go:147.61,149.16 2 1
github.com/extmatperez/meli_bootcamp_go_w2-4/internal/warehouse/service.go:149.16,151.3 1 1
github.com/extmatperez/meli_bootcamp_go_w2-4/internal/warehouse/service.go:153.2,153.12 1 1
