mode: atomic
github.com/extmatperez/meli_bootcamp_go_w2-4/internal/seller/repository.go:24.43,28.2 1 0
github.com/extmatperez/meli_bootcamp_go_w2-4/internal/seller/repository.go:30.75,33.16 3 0
github.com/extmatperez/meli_bootcamp_go_w2-4/internal/seller/repository.go:33.16,35.3 1 0
github.com/extmatperez/meli_bootcamp_go_w2-4/internal/seller/repository.go:37.2,39.18 2 0
github.com/extmatperez/meli_bootcamp_go_w2-4/internal/seller/repository.go:39.18,43.3 3 0
github.com/extmatperez/meli_bootcamp_go_w2-4/internal/seller/repository.go:45.2,45.21 1 0
github.com/extmatperez/meli_bootcamp_go_w2-4/internal/seller/repository.go:48.78,53.16 5 0
github.com/extmatperez/meli_bootcamp_go_w2-4/internal/seller/repository.go:53.16,55.3 1 0
github.com/extmatperez/meli_bootcamp_go_w2-4/internal/seller/repository.go:57.2,57.15 1 0
github.com/extmatperez/meli_bootcamp_go_w2-4/internal/seller/repository.go:60.64,65.2 4 0
github.com/extmatperez/meli_bootcamp_go_w2-4/internal/seller/repository.go:67.78,70.16 3 0
github.com/extmatperez/meli_bootcamp_go_w2-4/internal/seller/repository.go:70.16,72.3 1 0
github.com/extmatperez/meli_bootcamp_go_w2-4/internal/seller/repository.go:74.2,75.16 2 0
github.com/extmatperez/meli_bootcamp_go_w2-4/internal/seller/repository.go:75.16,77.3 1 0
github.com/extmatperez/meli_bootcamp_go_w2-4/internal/seller/repository.go:79.2,80.16 2 0
github.com/extmatperez/meli_bootcamp_go_w2-4/internal/seller/repository.go:80.16,82.3 1 0
github.com/extmatperez/meli_bootcamp_go_w2-4/internal/seller/repository.go:84.2,84.21 1 0
github.com/extmatperez/meli_bootcamp_go_w2-4/internal/seller/repository.go:87.73,90.16 3 0
github.com/extmatperez/meli_bootcamp_go_w2-4/internal/seller/repository.go:90.16,92.3 1 0
github.com/extmatperez/meli_bootcamp_go_w2-4/internal/seller/repository.go:94.2,95.16 2 0
github.com/extmatperez/meli_bootcamp_go_w2-4/internal/seller/repository.go:95.16,97.3 1 0
github.com/extmatperez/meli_bootcamp_go_w2-4/internal/seller/repository.go:99.2,100.16 2 0
github.com/extmatperez/meli_bootcamp_go_w2-4/internal/seller/repository.go:100.16,102.3 1 0
github.com/extmatperez/meli_bootcamp_go_w2-4/internal/seller/repository.go:104.2,104.12 1 0
github.com/extmatperez/meli_bootcamp_go_w2-4/internal/seller/repository.go:107.64,110.16 3 0
github.com/extmatperez/meli_bootcamp_go_w2-4/internal/seller/repository.go:110.16,112.3 1 0
github.com/extmatperez/meli_bootcamp_go_w2-4/internal/seller/repository.go:114.2,115.16 2 0
github.com/extmatperez/meli_bootcamp_go_w2-4/internal/seller/repository.go:115.16,117.3 1 0
github.com/extmatperez/meli_bootcamp_go_w2-4/internal/seller/repository.go:119.2,120.16 2 0
github.com/extmatperez/meli_bootcamp_go_w2-4/internal/seller/repository.go:120.16,122.3 1 0
github.com/extmatperez/meli_bootcamp_go_w2-4/internal/seller/repository.go:124.2,124.16 1 0
github.com/extmatperez/meli_bootcamp_go_w2-4/internal/seller/repository.go:124.16,126.3 1 0
github.com/extmatperez/meli_bootcamp_go_w2-4/internal/seller/repository.go:128.2,128.12 1 0
github.com/extmatperez/meli_bootcamp_go_w2-4/internal/seller/service.go:30.39,34.2 1 2
github.com/extmatperez/meli_bootcamp_go_w2-4/internal/seller/service.go:36.70,38.16 2 0
github.com/extmatperez/meli_bootcamp_go_w2-4/internal/seller/service.go:38.16,40.3 1 0
github.com/extmatperez/meli_bootcamp_go_w2-4/internal/seller/service.go:41.2,41.21 1 0
github.com/extmatperez/meli_bootcamp_go_w2-4/internal/seller/service.go:44.73,46.16 2 0
github.com/extmatperez/meli_bootcamp_go_w2-4/internal/seller/service.go:46.16,48.3 1 0
github.com/extmatperez/meli_bootcamp_go_w2-4/internal/seller/service.go:49.2,49.20 1 0
github.com/extmatperez/meli_bootcamp_go_w2-4/internal/seller/service.go:52.88,54.22 2 2
github.com/extmatperez/meli_bootcamp_go_w2-4/internal/seller/service.go:54.22,56.3 1 1
github.com/extmatperez/meli_bootcamp_go_w2-4/internal/seller/service.go:57.2,58.16 2 1
github.com/extmatperez/meli_bootcamp_go_w2-4/internal/seller/service.go:58.16,60.3 1 0
github.com/extmatperez/meli_bootcamp_go_w2-4/internal/seller/service.go:61.2,62.20 2 1
github.com/extmatperez/meli_bootcamp_go_w2-4/internal/seller/service.go:65.101,67.16 2 0
github.com/extmatperez/meli_bootcamp_go_w2-4/internal/seller/service.go:67.16,69.3 1 0
github.com/extmatperez/meli_bootcamp_go_w2-4/internal/seller/service.go:71.2,71.24 1 0
github.com/extmatperez/meli_bootcamp_go_w2-4/internal/seller/service.go:71.24,73.34 1 0
github.com/extmatperez/meli_bootcamp_go_w2-4/internal/seller/service.go:73.34,76.24 2 0
github.com/extmatperez/meli_bootcamp_go_w2-4/internal/seller/service.go:76.24,78.5 1 0
github.com/extmatperez/meli_bootcamp_go_w2-4/internal/seller/service.go:80.3,80.29 1 0
github.com/extmatperez/meli_bootcamp_go_w2-4/internal/seller/service.go:82.2,82.29 1 0
github.com/extmatperez/meli_bootcamp_go_w2-4/internal/seller/service.go:82.29,84.3 1 0
github.com/extmatperez/meli_bootcamp_go_w2-4/internal/seller/service.go:85.2,85.33 1 0
github.com/extmatperez/meli_bootcamp_go_w2-4/internal/seller/service.go:85.33,87.3 1 0
github.com/extmatperez/meli_bootcamp_go_w2-4/internal/seller/service.go:88.2,88.31 1 0
github.com/extmatperez/meli_bootcamp_go_w2-4/internal/seller/service.go:88.31,90.3 1 0
github.com/extmatperez/meli_bootcamp_go_w2-4/internal/seller/service.go:92.2,93.22 2 0
github.com/extmatperez/meli_bootcamp_go_w2-4/internal/seller/service.go:93.22,95.3 1 0
github.com/extmatperez/meli_bootcamp_go_w2-4/internal/seller/service.go:96.2,96.20 1 0
github.com/extmatperez/meli_bootcamp_go_w2-4/internal/seller/service.go:99.59,101.16 2 0
github.com/extmatperez/meli_bootcamp_go_w2-4/internal/seller/service.go:101.16,103.3 1 0
github.com/extmatperez/meli_bootcamp_go_w2-4/internal/seller/service.go:104.2,105.22 2 0
github.com/extmatperez/meli_bootcamp_go_w2-4/internal/seller/service.go:105.22,107.3 1 0
github.com/extmatperez/meli_bootcamp_go_w2-4/internal/seller/service.go:108.2,108.12 1 0
github.com/extmatperez/meli_bootcamp_go_w2-4/internal/warehouse/repository.go:24.43,28.2 1 0
github.com/extmatperez/meli_bootcamp_go_w2-4/internal/warehouse/repository.go:30.78,33.16 3 0
github.com/extmatperez/meli_bootcamp_go_w2-4/internal/warehouse/repository.go:33.16,35.3 1 0
github.com/extmatperez/meli_bootcamp_go_w2-4/internal/warehouse/repository.go:37.2,39.18 2 0
github.com/extmatperez/meli_bootcamp_go_w2-4/internal/warehouse/repository.go:39.18,43.3 3 0
github.com/extmatperez/meli_bootcamp_go_w2-4/internal/warehouse/repository.go:45.2,45.24 1 0
github.com/extmatperez/meli_bootcamp_go_w2-4/internal/warehouse/repository.go:48.81,53.16 5 0
github.com/extmatperez/meli_bootcamp_go_w2-4/internal/warehouse/repository.go:53.16,55.3 1 0
github.com/extmatperez/meli_bootcamp_go_w2-4/internal/warehouse/repository.go:57.2,57.15 1 0
github.com/extmatperez/meli_bootcamp_go_w2-4/internal/warehouse/repository.go:60.77,65.2 4 0
github.com/extmatperez/meli_bootcamp_go_w2-4/internal/warehouse/repository.go:67.81,70.16 3 0
github.com/extmatperez/meli_bootcamp_go_w2-4/internal/warehouse/repository.go:70.16,72.3 1 0
github.com/extmatperez/meli_bootcamp_go_w2-4/internal/warehouse/repository.go:74.2,75.16 2 0
github.com/extmatperez/meli_bootcamp_go_w2-4/internal/warehouse/repository.go:75.16,77.3 1 0
github.com/extmatperez/meli_bootcamp_go_w2-4/internal/warehouse/repository.go:79.2,80.16 2 0
github.com/extmatperez/meli_bootcamp_go_w2-4/internal/warehouse/repository.go:80.16,82.3 1 0
github.com/extmatperez/meli_bootcamp_go_w2-4/internal/warehouse/repository.go:84.2,84.21 1 0
github.com/extmatperez/meli_bootcamp_go_w2-4/internal/warehouse/repository.go:87.76,90.16 3 0
github.com/extmatperez/meli_bootcamp_go_w2-4/internal/warehouse/repository.go:90.16,92.3 1 0
github.com/extmatperez/meli_bootcamp_go_w2-4/internal/warehouse/repository.go:94.2,95.16 2 0
github.com/extmatperez/meli_bootcamp_go_w2-4/internal/warehouse/repository.go:95.16,97.3 1 0
github.com/extmatperez/meli_bootcamp_go_w2-4/internal/warehouse/repository.go:99.2,100.16 2 0
github.com/extmatperez/meli_bootcamp_go_w2-4/internal/warehouse/repository.go:100.16,102.3 1 0
github.com/extmatperez/meli_bootcamp_go_w2-4/internal/warehouse/repository.go:104.2,104.12 1 0
github.com/extmatperez/meli_bootcamp_go_w2-4/internal/warehouse/repository.go:107.64,110.16 3 0
github.com/extmatperez/meli_bootcamp_go_w2-4/internal/warehouse/repository.go:110.16,112.3 1 0
github.com/extmatperez/meli_bootcamp_go_w2-4/internal/warehouse/repository.go:114.2,115.16 2 0
github.com/extmatperez/meli_bootcamp_go_w2-4/internal/warehouse/repository.go:115.16,117.3 1 0
github.com/extmatperez/meli_bootcamp_go_w2-4/internal/warehouse/repository.go:119.2,120.16 2 0
github.com/extmatperez/meli_bootcamp_go_w2-4/internal/warehouse/repository.go:120.16,122.3 1 0
github.com/extmatperez/meli_bootcamp_go_w2-4/internal/warehouse/repository.go:124.2,124.16 1 0
github.com/extmatperez/meli_bootcamp_go_w2-4/internal/warehouse/repository.go:124.16,126.3 1 0
github.com/extmatperez/meli_bootcamp_go_w2-4/internal/warehouse/repository.go:128.2,128.12 1 0
github.com/extmatperez/meli_bootcamp_go_w2-4/internal/warehouse/service.go:32.39,36.2 1 14
github.com/extmatperez/meli_bootcamp_go_w2-4/internal/warehouse/service.go:45.93,47.11 2 3
github.com/extmatperez/meli_bootcamp_go_w2-4/internal/warehouse/service.go:47.11,49.3 1 1
github.com/extmatperez/meli_bootcamp_go_w2-4/internal/warehouse/service.go:51.2,52.16 2 2
github.com/extmatperez/meli_bootcamp_go_w2-4/internal/warehouse/service.go:52.16,54.3 1 1
github.com/extmatperez/meli_bootcamp_go_w2-4/internal/warehouse/service.go:56.2,58.15 2 1
github.com/extmatperez/meli_bootcamp_go_w2-4/internal/warehouse/service.go:66.75,68.16 2 2
github.com/extmatperez/meli_bootcamp_go_w2-4/internal/warehouse/service.go:68.16,70.3 1 1
github.com/extmatperez/meli_bootcamp_go_w2-4/internal/warehouse/service.go:72.2,72.18 1 1
github.com/extmatperez/meli_bootcamp_go_w2-4/internal/warehouse/service.go:82.78,84.16 2 2
github.com/extmatperez/meli_bootcamp_go_w2-4/internal/warehouse/service.go:84.16,86.3 1 1
github.com/extmatperez/meli_bootcamp_go_w2-4/internal/warehouse/service.go:88.2,88.15 1 1
github.com/extmatperez/meli_bootcamp_go_w2-4/internal/warehouse/service.go:100.93,102.16 2 5
github.com/extmatperez/meli_bootcamp_go_w2-4/internal/warehouse/service.go:102.16,104.3 1 1
github.com/extmatperez/meli_bootcamp_go_w2-4/internal/warehouse/service.go:106.2,106.21 1 4
github.com/extmatperez/meli_bootcamp_go_w2-4/internal/warehouse/service.go:106.21,108.3 1 4
github.com/extmatperez/meli_bootcamp_go_w2-4/internal/warehouse/service.go:109.2,109.23 1 4
github.com/extmatperez/meli_bootcamp_go_w2-4/internal/warehouse/service.go:109.23,111.3 1 4
github.com/extmatperez/meli_bootcamp_go_w2-4/internal/warehouse/service.go:112.2,112.27 1 4
github.com/extmatperez/meli_bootcamp_go_w2-4/internal/warehouse/service.go:112.27,113.56 1 4
github.com/extmatperez/meli_bootcamp_go_w2-4/internal/warehouse/service.go:113.56,114.49 1 2
github.com/extmatperez/meli_bootcamp_go_w2-4/internal/warehouse/service.go:114.49,116.5 1 1
github.com/extmatperez/meli_bootcamp_go_w2-4/internal/warehouse/service.go:117.4,117.52 1 1
github.com/extmatperez/meli_bootcamp_go_w2-4/internal/warehouse/service.go:121.2,121.28 1 3
github.com/extmatperez/meli_bootcamp_go_w2-4/internal/warehouse/service.go:121.28,123.3 1 3
github.com/extmatperez/meli_bootcamp_go_w2-4/internal/warehouse/service.go:124.2,124.31 1 3
github.com/extmatperez/meli_bootcamp_go_w2-4/internal/warehouse/service.go:124.31,126.3 1 3
github.com/extmatperez/meli_bootcamp_go_w2-4/internal/warehouse/service.go:128.2,129.16 2 3
github.com/extmatperez/meli_bootcamp_go_w2-4/internal/warehouse/service.go:129.16,131.3 1 1
github.com/extmatperez/meli_bootcamp_go_w2-4/internal/warehouse/service.go:133.2,133.30 1 2
github.com/extmatperez/meli_bootcamp_go_w2-4/internal/warehouse/service.go:143.61,145.16 2 2
github.com/extmatperez/meli_bootcamp_go_w2-4/internal/warehouse/service.go:145.16,147.3 1 1
github.com/extmatperez/meli_bootcamp_go_w2-4/internal/warehouse/service.go:149.2,149.12 1 1
github.com/extmatperez/meli_bootcamp_go_w2-4/cmd/server/handler/buyer.go:17.39,21.2 1 0
github.com/extmatperez/meli_bootcamp_go_w2-4/cmd/server/handler/buyer.go:33.39,34.30 1 0
github.com/extmatperez/meli_bootcamp_go_w2-4/cmd/server/handler/buyer.go:34.30,36.17 2 0
github.com/extmatperez/meli_bootcamp_go_w2-4/cmd/server/handler/buyer.go:36.17,39.4 2 0
github.com/extmatperez/meli_bootcamp_go_w2-4/cmd/server/handler/buyer.go:40.3,41.17 2 0
github.com/extmatperez/meli_bootcamp_go_w2-4/cmd/server/handler/buyer.go:41.17,44.4 2 0
github.com/extmatperez/meli_bootcamp_go_w2-4/cmd/server/handler/buyer.go:45.3,45.39 1 0
github.com/extmatperez/meli_bootcamp_go_w2-4/cmd/server/handler/buyer.go:59.42,60.30 1 0
github.com/extmatperez/meli_bootcamp_go_w2-4/cmd/server/handler/buyer.go:60.30,62.17 2 0
github.com/extmatperez/meli_bootcamp_go_w2-4/cmd/server/handler/buyer.go:62.17,65.4 2 0
github.com/extmatperez/meli_bootcamp_go_w2-4/cmd/server/handler/buyer.go:66.3,67.17 2 0
github.com/extmatperez/meli_bootcamp_go_w2-4/cmd/server/handler/buyer.go:67.17,70.4 2 0
github.com/extmatperez/meli_bootcamp_go_w2-4/cmd/server/handler/buyer.go:71.3,71.49 1 0
github.com/extmatperez/meli_bootcamp_go_w2-4/cmd/server/handler/buyer.go:84.42,85.30 1 0
github.com/extmatperez/meli_bootcamp_go_w2-4/cmd/server/handler/buyer.go:85.30,87.17 2 0
github.com/extmatperez/meli_bootcamp_go_w2-4/cmd/server/handler/buyer.go:87.17,90.4 2 0
github.com/extmatperez/meli_bootcamp_go_w2-4/cmd/server/handler/buyer.go:91.3,91.23 1 0
github.com/extmatperez/meli_bootcamp_go_w2-4/cmd/server/handler/buyer.go:91.23,94.4 2 0
github.com/extmatperez/meli_bootcamp_go_w2-4/cmd/server/handler/buyer.go:95.3,95.40 1 0
github.com/extmatperez/meli_bootcamp_go_w2-4/cmd/server/handler/buyer.go:109.42,110.30 1 0
github.com/extmatperez/meli_bootcamp_go_w2-4/cmd/server/handler/buyer.go:110.30,112.50 2 0
github.com/extmatperez/meli_bootcamp_go_w2-4/cmd/server/handler/buyer.go:112.50,115.4 2 0
github.com/extmatperez/meli_bootcamp_go_w2-4/cmd/server/handler/buyer.go:116.3,116.31 1 0
github.com/extmatperez/meli_bootcamp_go_w2-4/cmd/server/handler/buyer.go:116.31,119.4 2 0
github.com/extmatperez/meli_bootcamp_go_w2-4/cmd/server/handler/buyer.go:120.3,121.17 2 0
github.com/extmatperez/meli_bootcamp_go_w2-4/cmd/server/handler/buyer.go:121.17,124.4 2 0
github.com/extmatperez/meli_bootcamp_go_w2-4/cmd/server/handler/buyer.go:125.3,125.46 1 0
github.com/extmatperez/meli_bootcamp_go_w2-4/cmd/server/handler/buyer.go:141.42,142.30 1 0
github.com/extmatperez/meli_bootcamp_go_w2-4/cmd/server/handler/buyer.go:142.30,144.50 2 0
github.com/extmatperez/meli_bootcamp_go_w2-4/cmd/server/handler/buyer.go:144.50,147.4 2 0
github.com/extmatperez/meli_bootcamp_go_w2-4/cmd/server/handler/buyer.go:148.3,149.17 2 0
github.com/extmatperez/meli_bootcamp_go_w2-4/cmd/server/handler/buyer.go:149.17,152.4 2 0
github.com/extmatperez/meli_bootcamp_go_w2-4/cmd/server/handler/buyer.go:153.3,154.17 2 0
github.com/extmatperez/meli_bootcamp_go_w2-4/cmd/server/handler/buyer.go:154.17,157.4 2 0
github.com/extmatperez/meli_bootcamp_go_w2-4/cmd/server/handler/buyer.go:158.3,158.46 1 0
github.com/extmatperez/meli_bootcamp_go_w2-4/cmd/server/handler/employee.go:18.48,22.2 1 0
github.com/extmatperez/meli_bootcamp_go_w2-4/cmd/server/handler/employee.go:36.42,37.30 1 0
github.com/extmatperez/meli_bootcamp_go_w2-4/cmd/server/handler/employee.go:37.30,39.17 2 0
github.com/extmatperez/meli_bootcamp_go_w2-4/cmd/server/handler/employee.go:39.17,42.4 2 0
github.com/extmatperez/meli_bootcamp_go_w2-4/cmd/server/handler/employee.go:44.3,45.17 2 0
github.com/extmatperez/meli_bootcamp_go_w2-4/cmd/server/handler/employee.go:45.17,48.4 2 0
github.com/extmatperez/meli_bootcamp_go_w2-4/cmd/server/handler/employee.go:49.3,49.42 1 0
github.com/extmatperez/meli_bootcamp_go_w2-4/cmd/server/handler/employee.go:63.45,64.30 1 0
github.com/extmatperez/meli_bootcamp_go_w2-4/cmd/server/handler/employee.go:64.30,66.17 2 0
github.com/extmatperez/meli_bootcamp_go_w2-4/cmd/server/handler/employee.go:66.17,69.4 2 0
github.com/extmatperez/meli_bootcamp_go_w2-4/cmd/server/handler/employee.go:70.3,70.43 1 0
github.com/extmatperez/meli_bootcamp_go_w2-4/cmd/server/handler/employee.go:86.45,87.30 1 0
github.com/extmatperez/meli_bootcamp_go_w2-4/cmd/server/handler/employee.go:87.30,89.53 2 0
github.com/extmatperez/meli_bootcamp_go_w2-4/cmd/server/handler/employee.go:89.53,92.4 2 0
github.com/extmatperez/meli_bootcamp_go_w2-4/cmd/server/handler/employee.go:93.3,93.34 1 0
github.com/extmatperez/meli_bootcamp_go_w2-4/cmd/server/handler/employee.go:93.34,96.4 2 0
github.com/extmatperez/meli_bootcamp_go_w2-4/cmd/server/handler/employee.go:98.3,99.17 2 0
github.com/extmatperez/meli_bootcamp_go_w2-4/cmd/server/handler/employee.go:99.17,102.4 2 0
github.com/extmatperez/meli_bootcamp_go_w2-4/cmd/server/handler/employee.go:103.3,103.47 1 0
github.com/extmatperez/meli_bootcamp_go_w2-4/cmd/server/handler/employee.go:120.45,121.30 1 0
github.com/extmatperez/meli_bootcamp_go_w2-4/cmd/server/handler/employee.go:121.30,124.53 2 0
github.com/extmatperez/meli_bootcamp_go_w2-4/cmd/server/handler/employee.go:124.53,127.4 2 0
github.com/extmatperez/meli_bootcamp_go_w2-4/cmd/server/handler/employee.go:128.3,129.17 2 0
github.com/extmatperez/meli_bootcamp_go_w2-4/cmd/server/handler/employee.go:129.17,132.4 2 0
github.com/extmatperez/meli_bootcamp_go_w2-4/cmd/server/handler/employee.go:133.3,135.17 3 0
github.com/extmatperez/meli_bootcamp_go_w2-4/cmd/server/handler/employee.go:135.17,138.4 2 0
github.com/extmatperez/meli_bootcamp_go_w2-4/cmd/server/handler/employee.go:139.3,139.42 1 0
github.com/extmatperez/meli_bootcamp_go_w2-4/cmd/server/handler/employee.go:155.45,156.30 1 0
github.com/extmatperez/meli_bootcamp_go_w2-4/cmd/server/handler/employee.go:156.30,158.17 2 0
github.com/extmatperez/meli_bootcamp_go_w2-4/cmd/server/handler/employee.go:158.17,161.4 2 0
github.com/extmatperez/meli_bootcamp_go_w2-4/cmd/server/handler/employee.go:162.3,163.17 2 0
github.com/extmatperez/meli_bootcamp_go_w2-4/cmd/server/handler/employee.go:163.17,166.4 2 0
github.com/extmatperez/meli_bootcamp_go_w2-4/cmd/server/handler/employee.go:167.3,167.44 1 0
github.com/extmatperez/meli_bootcamp_go_w2-4/cmd/server/handler/product.go:49.45,53.2 1 0
github.com/extmatperez/meli_bootcamp_go_w2-4/cmd/server/handler/product.go:65.44,66.30 1 0
github.com/extmatperez/meli_bootcamp_go_w2-4/cmd/server/handler/product.go:66.30,69.17 2 0
github.com/extmatperez/meli_bootcamp_go_w2-4/cmd/server/handler/product.go:69.17,73.4 3 0
github.com/extmatperez/meli_bootcamp_go_w2-4/cmd/server/handler/product.go:75.3,75.19 1 0
github.com/extmatperez/meli_bootcamp_go_w2-4/cmd/server/handler/product.go:75.19,78.4 2 0
github.com/extmatperez/meli_bootcamp_go_w2-4/cmd/server/handler/product.go:79.3,79.36 1 0
github.com/extmatperez/meli_bootcamp_go_w2-4/cmd/server/handler/product.go:94.41,95.30 1 0
github.com/extmatperez/meli_bootcamp_go_w2-4/cmd/server/handler/product.go:95.30,100.17 3 0
github.com/extmatperez/meli_bootcamp_go_w2-4/cmd/server/handler/product.go:100.17,104.4 3 0
github.com/extmatperez/meli_bootcamp_go_w2-4/cmd/server/handler/product.go:105.3,105.35 1 0
github.com/extmatperez/meli_bootcamp_go_w2-4/cmd/server/handler/product.go:121.44,122.30 1 0
github.com/extmatperez/meli_bootcamp_go_w2-4/cmd/server/handler/product.go:122.30,127.17 4 0
github.com/extmatperez/meli_bootcamp_go_w2-4/cmd/server/handler/product.go:127.17,131.4 3 0
github.com/extmatperez/meli_bootcamp_go_w2-4/cmd/server/handler/product.go:133.3,133.40 1 0
github.com/extmatperez/meli_bootcamp_go_w2-4/cmd/server/handler/product.go:152.44,153.30 1 0
github.com/extmatperez/meli_bootcamp_go_w2-4/cmd/server/handler/product.go:153.30,160.17 5 0
github.com/extmatperez/meli_bootcamp_go_w2-4/cmd/server/handler/product.go:160.17,164.4 3 0
github.com/extmatperez/meli_bootcamp_go_w2-4/cmd/server/handler/product.go:166.3,166.35 1 0
github.com/extmatperez/meli_bootcamp_go_w2-4/cmd/server/handler/product.go:182.44,183.30 1 0
github.com/extmatperez/meli_bootcamp_go_w2-4/cmd/server/handler/product.go:183.30,188.17 3 0
github.com/extmatperez/meli_bootcamp_go_w2-4/cmd/server/handler/product.go:188.17,192.4 3 0
github.com/extmatperez/meli_bootcamp_go_w2-4/cmd/server/handler/product.go:193.3,193.37 1 0
github.com/extmatperez/meli_bootcamp_go_w2-4/cmd/server/handler/product.go:197.38,201.41 3 0
github.com/extmatperez/meli_bootcamp_go_w2-4/cmd/server/handler/product.go:201.41,203.3 1 0
github.com/extmatperez/meli_bootcamp_go_w2-4/cmd/server/handler/product.go:204.2,204.31 1 0
github.com/extmatperez/meli_bootcamp_go_w2-4/cmd/server/handler/product.go:204.31,206.3 1 0
github.com/extmatperez/meli_bootcamp_go_w2-4/cmd/server/handler/product.go:207.2,207.39 1 0
github.com/extmatperez/meli_bootcamp_go_w2-4/cmd/server/handler/product.go:210.67,224.2 13 0
github.com/extmatperez/meli_bootcamp_go_w2-4/cmd/server/handler/product.go:226.67,240.2 1 0
github.com/extmatperez/meli_bootcamp_go_w2-4/cmd/server/handler/section.go:17.45,21.2 1 0
github.com/extmatperez/meli_bootcamp_go_w2-4/cmd/server/handler/section.go:33.44,34.30 1 0
github.com/extmatperez/meli_bootcamp_go_w2-4/cmd/server/handler/section.go:34.30,36.17 2 0
github.com/extmatperez/meli_bootcamp_go_w2-4/cmd/server/handler/section.go:36.17,39.4 2 0
github.com/extmatperez/meli_bootcamp_go_w2-4/cmd/server/handler/section.go:40.3,40.25 1 0
github.com/extmatperez/meli_bootcamp_go_w2-4/cmd/server/handler/section.go:40.25,43.4 2 0
github.com/extmatperez/meli_bootcamp_go_w2-4/cmd/server/handler/section.go:44.3,44.42 1 0
github.com/extmatperez/meli_bootcamp_go_w2-4/cmd/server/handler/section.go:59.41,60.30 1 0
github.com/extmatperez/meli_bootcamp_go_w2-4/cmd/server/handler/section.go:60.30,62.17 2 0
github.com/extmatperez/meli_bootcamp_go_w2-4/cmd/server/handler/section.go:62.17,64.4 1 0
github.com/extmatperez/meli_bootcamp_go_w2-4/cmd/server/handler/section.go:65.3,67.17 2 0
github.com/extmatperez/meli_bootcamp_go_w2-4/cmd/server/handler/section.go:67.17,70.4 2 0
github.com/extmatperez/meli_bootcamp_go_w2-4/cmd/server/handler/section.go:71.3,71.37 1 0
github.com/extmatperez/meli_bootcamp_go_w2-4/cmd/server/handler/section.go:87.44,88.30 1 0
github.com/extmatperez/meli_bootcamp_go_w2-4/cmd/server/handler/section.go:88.30,90.48 2 0
github.com/extmatperez/meli_bootcamp_go_w2-4/cmd/server/handler/section.go:90.48,93.4 2 0
github.com/extmatperez/meli_bootcamp_go_w2-4/cmd/server/handler/section.go:95.3,96.17 2 0
github.com/extmatperez/meli_bootcamp_go_w2-4/cmd/server/handler/section.go:96.17,97.46 1 0
github.com/extmatperez/meli_bootcamp_go_w2-4/cmd/server/handler/section.go:97.46,99.5 1 0
github.com/extmatperez/meli_bootcamp_go_w2-4/cmd/server/handler/section.go:99.10,101.5 1 0
github.com/extmatperez/meli_bootcamp_go_w2-4/cmd/server/handler/section.go:102.4,102.10 1 0
github.com/extmatperez/meli_bootcamp_go_w2-4/cmd/server/handler/section.go:104.3,104.42 1 0
github.com/extmatperez/meli_bootcamp_go_w2-4/cmd/server/handler/section.go:124.44,125.30 1 0
github.com/extmatperez/meli_bootcamp_go_w2-4/cmd/server/handler/section.go:125.30,127.17 2 0
github.com/extmatperez/meli_bootcamp_go_w2-4/cmd/server/handler/section.go:127.17,129.4 1 0
github.com/extmatperez/meli_bootcamp_go_w2-4/cmd/server/handler/section.go:131.3,132.48 2 0
github.com/extmatperez/meli_bootcamp_go_w2-4/cmd/server/handler/section.go:132.48,135.4 2 0
github.com/extmatperez/meli_bootcamp_go_w2-4/cmd/server/handler/section.go:137.3,139.17 2 0
github.com/extmatperez/meli_bootcamp_go_w2-4/cmd/server/handler/section.go:139.17,140.46 1 0
github.com/extmatperez/meli_bootcamp_go_w2-4/cmd/server/handler/section.go:140.46,142.5 1 0
github.com/extmatperez/meli_bootcamp_go_w2-4/cmd/server/handler/section.go:142.10,144.5 1 0
github.com/extmatperez/meli_bootcamp_go_w2-4/cmd/server/handler/section.go:145.4,145.10 1 0
github.com/extmatperez/meli_bootcamp_go_w2-4/cmd/server/handler/section.go:148.3,148.37 1 0
github.com/extmatperez/meli_bootcamp_go_w2-4/cmd/server/handler/section.go:164.44,165.30 1 0
github.com/extmatperez/meli_bootcamp_go_w2-4/cmd/server/handler/section.go:165.30,167.17 2 0
github.com/extmatperez/meli_bootcamp_go_w2-4/cmd/server/handler/section.go:167.17,170.4 2 0
github.com/extmatperez/meli_bootcamp_go_w2-4/cmd/server/handler/section.go:172.3,174.17 2 0
github.com/extmatperez/meli_bootcamp_go_w2-4/cmd/server/handler/section.go:174.17,177.4 2 0
github.com/extmatperez/meli_bootcamp_go_w2-4/cmd/server/handler/section.go:179.3,179.57 1 0
github.com/extmatperez/meli_bootcamp_go_w2-4/cmd/server/handler/seller.go:17.42,21.2 1 4
github.com/extmatperez/meli_bootcamp_go_w2-4/cmd/server/handler/seller.go:33.43,34.30 1 0
github.com/extmatperez/meli_bootcamp_go_w2-4/cmd/server/handler/seller.go:34.30,36.17 2 0
github.com/extmatperez/meli_bootcamp_go_w2-4/cmd/server/handler/seller.go:36.17,39.4 2 0
github.com/extmatperez/meli_bootcamp_go_w2-4/cmd/server/handler/seller.go:40.3,40.24 1 0
github.com/extmatperez/meli_bootcamp_go_w2-4/cmd/server/handler/seller.go:40.24,42.4 1 0
github.com/extmatperez/meli_bootcamp_go_w2-4/cmd/server/handler/seller.go:43.3,43.41 1 0
github.com/extmatperez/meli_bootcamp_go_w2-4/cmd/server/handler/seller.go:58.44,59.30 1 0
github.com/extmatperez/meli_bootcamp_go_w2-4/cmd/server/handler/seller.go:59.30,61.17 2 0
github.com/extmatperez/meli_bootcamp_go_w2-4/cmd/server/handler/seller.go:61.17,64.4 2 0
github.com/extmatperez/meli_bootcamp_go_w2-4/cmd/server/handler/seller.go:65.3,66.26 2 0
github.com/extmatperez/meli_bootcamp_go_w2-4/cmd/server/handler/seller.go:66.26,69.4 2 0
github.com/extmatperez/meli_bootcamp_go_w2-4/cmd/server/handler/seller.go:70.3,70.40 1 0
github.com/extmatperez/meli_bootcamp_go_w2-4/cmd/server/handler/seller.go:87.43,88.30 1 4
github.com/extmatperez/meli_bootcamp_go_w2-4/cmd/server/handler/seller.go:88.30,90.44 2 4
github.com/extmatperez/meli_bootcamp_go_w2-4/cmd/server/handler/seller.go:90.44,93.4 2 1
github.com/extmatperez/meli_bootcamp_go_w2-4/cmd/server/handler/seller.go:94.3,94.19 1 3
github.com/extmatperez/meli_bootcamp_go_w2-4/cmd/server/handler/seller.go:94.19,97.4 2 1
github.com/extmatperez/meli_bootcamp_go_w2-4/cmd/server/handler/seller.go:98.3,98.28 1 2
github.com/extmatperez/meli_bootcamp_go_w2-4/cmd/server/handler/seller.go:98.28,101.4 2 0
github.com/extmatperez/meli_bootcamp_go_w2-4/cmd/server/handler/seller.go:102.3,102.24 1 2
github.com/extmatperez/meli_bootcamp_go_w2-4/cmd/server/handler/seller.go:102.24,105.4 2 0
github.com/extmatperez/meli_bootcamp_go_w2-4/cmd/server/handler/seller.go:106.3,106.26 1 2
github.com/extmatperez/meli_bootcamp_go_w2-4/cmd/server/handler/seller.go:106.26,109.4 2 0
github.com/extmatperez/meli_bootcamp_go_w2-4/cmd/server/handler/seller.go:111.3,112.17 2 2
github.com/extmatperez/meli_bootcamp_go_w2-4/cmd/server/handler/seller.go:112.17,113.41 1 1
github.com/extmatperez/meli_bootcamp_go_w2-4/cmd/server/handler/seller.go:113.41,115.5 1 1
github.com/extmatperez/meli_bootcamp_go_w2-4/cmd/server/handler/seller.go:115.10,117.5 1 0
github.com/extmatperez/meli_bootcamp_go_w2-4/cmd/server/handler/seller.go:119.3,119.50 1 2
github.com/extmatperez/meli_bootcamp_go_w2-4/cmd/server/handler/seller.go:137.43,138.30 1 0
github.com/extmatperez/meli_bootcamp_go_w2-4/cmd/server/handler/seller.go:138.30,140.17 2 0
github.com/extmatperez/meli_bootcamp_go_w2-4/cmd/server/handler/seller.go:140.17,143.4 2 0
github.com/extmatperez/meli_bootcamp_go_w2-4/cmd/server/handler/seller.go:144.3,145.51 2 0
github.com/extmatperez/meli_bootcamp_go_w2-4/cmd/server/handler/seller.go:145.51,148.4 2 0
github.com/extmatperez/meli_bootcamp_go_w2-4/cmd/server/handler/seller.go:149.3,150.17 2 0
github.com/extmatperez/meli_bootcamp_go_w2-4/cmd/server/handler/seller.go:150.17,153.4 2 0
github.com/extmatperez/meli_bootcamp_go_w2-4/cmd/server/handler/seller.go:154.3,154.47 1 0
github.com/extmatperez/meli_bootcamp_go_w2-4/cmd/server/handler/seller.go:169.43,170.30 1 0
github.com/extmatperez/meli_bootcamp_go_w2-4/cmd/server/handler/seller.go:170.30,172.17 2 0
github.com/extmatperez/meli_bootcamp_go_w2-4/cmd/server/handler/seller.go:172.17,175.4 2 0
github.com/extmatperez/meli_bootcamp_go_w2-4/cmd/server/handler/seller.go:176.3,177.23 2 0
github.com/extmatperez/meli_bootcamp_go_w2-4/cmd/server/handler/seller.go:177.23,178.39 1 0
github.com/extmatperez/meli_bootcamp_go_w2-4/cmd/server/handler/seller.go:178.39,180.5 1 0
github.com/extmatperez/meli_bootcamp_go_w2-4/cmd/server/handler/seller.go:180.10,182.5 1 0
github.com/extmatperez/meli_bootcamp_go_w2-4/cmd/server/handler/seller.go:184.3,184.44 1 0
github.com/extmatperez/meli_bootcamp_go_w2-4/cmd/server/handler/warehouse.go:28.51,32.2 1 18
github.com/extmatperez/meli_bootcamp_go_w2-4/cmd/server/handler/warehouse.go:45.43,46.30 1 3
github.com/extmatperez/meli_bootcamp_go_w2-4/cmd/server/handler/warehouse.go:46.30,48.17 2 3
github.com/extmatperez/meli_bootcamp_go_w2-4/cmd/server/handler/warehouse.go:48.17,51.4 2 1
github.com/extmatperez/meli_bootcamp_go_w2-4/cmd/server/handler/warehouse.go:53.3,54.17 2 2
github.com/extmatperez/meli_bootcamp_go_w2-4/cmd/server/handler/warehouse.go:54.17,57.4 2 1
github.com/extmatperez/meli_bootcamp_go_w2-4/cmd/server/handler/warehouse.go:58.3,58.43 1 1
github.com/extmatperez/meli_bootcamp_go_w2-4/cmd/server/handler/warehouse.go:72.46,73.30 1 3
github.com/extmatperez/meli_bootcamp_go_w2-4/cmd/server/handler/warehouse.go:73.30,75.17 2 3
github.com/extmatperez/meli_bootcamp_go_w2-4/cmd/server/handler/warehouse.go:75.17,78.4 2 1
github.com/extmatperez/meli_bootcamp_go_w2-4/cmd/server/handler/warehouse.go:79.3,79.27 1 2
github.com/extmatperez/meli_bootcamp_go_w2-4/cmd/server/handler/warehouse.go:79.27,82.4 2 1
github.com/extmatperez/meli_bootcamp_go_w2-4/cmd/server/handler/warehouse.go:83.3,83.44 1 1
github.com/extmatperez/meli_bootcamp_go_w2-4/cmd/server/handler/warehouse.go:100.46,101.30 1 4
github.com/extmatperez/meli_bootcamp_go_w2-4/cmd/server/handler/warehouse.go:101.30,103.54 2 4
github.com/extmatperez/meli_bootcamp_go_w2-4/cmd/server/handler/warehouse.go:103.54,106.4 2 1
github.com/extmatperez/meli_bootcamp_go_w2-4/cmd/server/handler/warehouse.go:107.3,107.36 1 3
github.com/extmatperez/meli_bootcamp_go_w2-4/cmd/server/handler/warehouse.go:107.36,110.4 2 1
github.com/extmatperez/meli_bootcamp_go_w2-4/cmd/server/handler/warehouse.go:112.3,113.17 2 2
github.com/extmatperez/meli_bootcamp_go_w2-4/cmd/server/handler/warehouse.go:113.17,116.4 2 1
github.com/extmatperez/meli_bootcamp_go_w2-4/cmd/server/handler/warehouse.go:117.3,117.48 1 1
github.com/extmatperez/meli_bootcamp_go_w2-4/cmd/server/handler/warehouse.go:135.46,136.30 1 5
github.com/extmatperez/meli_bootcamp_go_w2-4/cmd/server/handler/warehouse.go:136.30,139.49 2 5
github.com/extmatperez/meli_bootcamp_go_w2-4/cmd/server/handler/warehouse.go:139.49,142.4 2 1
github.com/extmatperez/meli_bootcamp_go_w2-4/cmd/server/handler/warehouse.go:143.3,144.17 2 4
github.com/extmatperez/meli_bootcamp_go_w2-4/cmd/server/handler/warehouse.go:144.17,147.4 2 1
github.com/extmatperez/meli_bootcamp_go_w2-4/cmd/server/handler/warehouse.go:148.3,150.17 3 3
github.com/extmatperez/meli_bootcamp_go_w2-4/cmd/server/handler/warehouse.go:150.17,151.36 1 2
github.com/extmatperez/meli_bootcamp_go_w2-4/cmd/server/handler/warehouse.go:151.36,153.5 1 1
github.com/extmatperez/meli_bootcamp_go_w2-4/cmd/server/handler/warehouse.go:153.10,155.5 1 1
github.com/extmatperez/meli_bootcamp_go_w2-4/cmd/server/handler/warehouse.go:156.4,156.10 1 2
github.com/extmatperez/meli_bootcamp_go_w2-4/cmd/server/handler/warehouse.go:158.3,158.38 1 1
github.com/extmatperez/meli_bootcamp_go_w2-4/cmd/server/handler/warehouse.go:172.46,173.30 1 3
github.com/extmatperez/meli_bootcamp_go_w2-4/cmd/server/handler/warehouse.go:173.30,175.17 2 3
github.com/extmatperez/meli_bootcamp_go_w2-4/cmd/server/handler/warehouse.go:175.17,178.4 2 1
github.com/extmatperez/meli_bootcamp_go_w2-4/cmd/server/handler/warehouse.go:179.3,180.17 2 2
github.com/extmatperez/meli_bootcamp_go_w2-4/cmd/server/handler/warehouse.go:180.17,183.4 2 1
github.com/extmatperez/meli_bootcamp_go_w2-4/cmd/server/handler/warehouse.go:184.3,184.44 1 1
github.com/extmatperez/meli_bootcamp_go_w2-4/internal/buyer/repository.go:24.43,28.2 1 0
github.com/extmatperez/meli_bootcamp_go_w2-4/internal/buyer/repository.go:30.74,33.16 3 0
github.com/extmatperez/meli_bootcamp_go_w2-4/internal/buyer/repository.go:33.16,35.3 1 0
github.com/extmatperez/meli_bootcamp_go_w2-4/internal/buyer/repository.go:37.2,39.18 2 0
github.com/extmatperez/meli_bootcamp_go_w2-4/internal/buyer/repository.go:39.18,43.3 3 0
github.com/extmatperez/meli_bootcamp_go_w2-4/internal/buyer/repository.go:45.2,45.20 1 0
github.com/extmatperez/meli_bootcamp_go_w2-4/internal/buyer/repository.go:48.77,53.16 5 0
github.com/extmatperez/meli_bootcamp_go_w2-4/internal/buyer/repository.go:53.16,55.3 1 0
github.com/extmatperez/meli_bootcamp_go_w2-4/internal/buyer/repository.go:57.2,57.15 1 0
github.com/extmatperez/meli_bootcamp_go_w2-4/internal/buyer/repository.go:60.76,65.2 4 0
github.com/extmatperez/meli_bootcamp_go_w2-4/internal/buyer/repository.go:67.83,70.16 3 0
github.com/extmatperez/meli_bootcamp_go_w2-4/internal/buyer/repository.go:70.16,72.3 1 0
github.com/extmatperez/meli_bootcamp_go_w2-4/internal/buyer/repository.go:74.2,75.16 2 0
github.com/extmatperez/meli_bootcamp_go_w2-4/internal/buyer/repository.go:75.16,77.3 1 0
github.com/extmatperez/meli_bootcamp_go_w2-4/internal/buyer/repository.go:79.2,80.16 2 0
github.com/extmatperez/meli_bootcamp_go_w2-4/internal/buyer/repository.go:80.16,82.3 1 0
github.com/extmatperez/meli_bootcamp_go_w2-4/internal/buyer/repository.go:84.2,84.21 1 0
github.com/extmatperez/meli_bootcamp_go_w2-4/internal/buyer/repository.go:87.72,90.16 3 0
github.com/extmatperez/meli_bootcamp_go_w2-4/internal/buyer/repository.go:90.16,92.3 1 0
github.com/extmatperez/meli_bootcamp_go_w2-4/internal/buyer/repository.go:94.2,95.16 2 0
github.com/extmatperez/meli_bootcamp_go_w2-4/internal/buyer/repository.go:95.16,97.3 1 0
github.com/extmatperez/meli_bootcamp_go_w2-4/internal/buyer/repository.go:99.2,100.16 2 0
github.com/extmatperez/meli_bootcamp_go_w2-4/internal/buyer/repository.go:100.16,102.3 1 0
github.com/extmatperez/meli_bootcamp_go_w2-4/internal/buyer/repository.go:104.2,104.12 1 0
github.com/extmatperez/meli_bootcamp_go_w2-4/internal/buyer/repository.go:107.64,110.16 3 0
github.com/extmatperez/meli_bootcamp_go_w2-4/internal/buyer/repository.go:110.16,112.3 1 0
github.com/extmatperez/meli_bootcamp_go_w2-4/internal/buyer/repository.go:114.2,115.16 2 0
github.com/extmatperez/meli_bootcamp_go_w2-4/internal/buyer/repository.go:115.16,117.3 1 0
github.com/extmatperez/meli_bootcamp_go_w2-4/internal/buyer/repository.go:119.2,120.16 2 0
github.com/extmatperez/meli_bootcamp_go_w2-4/internal/buyer/repository.go:120.16,122.3 1 0
github.com/extmatperez/meli_bootcamp_go_w2-4/internal/buyer/repository.go:124.2,124.16 1 0
github.com/extmatperez/meli_bootcamp_go_w2-4/internal/buyer/repository.go:124.16,126.3 1 0
github.com/extmatperez/meli_bootcamp_go_w2-4/internal/buyer/repository.go:128.2,128.12 1 0
github.com/extmatperez/meli_bootcamp_go_w2-4/internal/buyer/service.go:29.97,31.8 2 0
github.com/extmatperez/meli_bootcamp_go_w2-4/internal/buyer/service.go:31.8,33.3 1 0
github.com/extmatperez/meli_bootcamp_go_w2-4/internal/buyer/service.go:34.2,35.16 2 0
github.com/extmatperez/meli_bootcamp_go_w2-4/internal/buyer/service.go:35.16,37.3 1 0
github.com/extmatperez/meli_bootcamp_go_w2-4/internal/buyer/service.go:38.2,39.15 2 0
github.com/extmatperez/meli_bootcamp_go_w2-4/internal/buyer/service.go:42.93,44.16 2 0
github.com/extmatperez/meli_bootcamp_go_w2-4/internal/buyer/service.go:44.16,46.3 1 0
github.com/extmatperez/meli_bootcamp_go_w2-4/internal/buyer/service.go:47.2,47.23 1 0
github.com/extmatperez/meli_bootcamp_go_w2-4/internal/buyer/service.go:47.23,49.3 1 0
github.com/extmatperez/meli_bootcamp_go_w2-4/internal/buyer/service.go:50.2,50.22 1 0
github.com/extmatperez/meli_bootcamp_go_w2-4/internal/buyer/service.go:50.22,52.3 1 0
github.com/extmatperez/meli_bootcamp_go_w2-4/internal/buyer/service.go:53.2,54.16 2 0
github.com/extmatperez/meli_bootcamp_go_w2-4/internal/buyer/service.go:54.16,56.3 1 0
github.com/extmatperez/meli_bootcamp_go_w2-4/internal/buyer/service.go:58.2,58.19 1 0
github.com/extmatperez/meli_bootcamp_go_w2-4/internal/buyer/service.go:61.71,63.16 2 0
github.com/extmatperez/meli_bootcamp_go_w2-4/internal/buyer/service.go:63.16,65.3 1 0
github.com/extmatperez/meli_bootcamp_go_w2-4/internal/buyer/service.go:67.2,67.15 1 0
github.com/extmatperez/meli_bootcamp_go_w2-4/internal/buyer/service.go:70.74,72.16 2 0
github.com/extmatperez/meli_bootcamp_go_w2-4/internal/buyer/service.go:72.16,74.3 1 0
github.com/extmatperez/meli_bootcamp_go_w2-4/internal/buyer/service.go:76.2,76.15 1 0
github.com/extmatperez/meli_bootcamp_go_w2-4/internal/buyer/service.go:79.61,81.16 2 0
github.com/extmatperez/meli_bootcamp_go_w2-4/internal/buyer/service.go:81.16,83.3 1 0
github.com/extmatperez/meli_bootcamp_go_w2-4/internal/buyer/service.go:85.2,85.12 1 0
github.com/extmatperez/meli_bootcamp_go_w2-4/internal/buyer/service.go:89.39,93.2 1 0
github.com/extmatperez/meli_bootcamp_go_w2-4/internal/employee/repository.go:24.43,28.2 1 0
github.com/extmatperez/meli_bootcamp_go_w2-4/internal/employee/repository.go:30.77,33.16 3 0
github.com/extmatperez/meli_bootcamp_go_w2-4/internal/employee/repository.go:33.16,35.3 1 0
github.com/extmatperez/meli_bootcamp_go_w2-4/internal/employee/repository.go:37.2,39.18 2 0
github.com/extmatperez/meli_bootcamp_go_w2-4/internal/employee/repository.go:39.18,43.3 3 0
github.com/extmatperez/meli_bootcamp_go_w2-4/internal/employee/repository.go:45.2,45.23 1 0
github.com/extmatperez/meli_bootcamp_go_w2-4/internal/employee/repository.go:48.80,53.16 5 0
github.com/extmatperez/meli_bootcamp_go_w2-4/internal/employee/repository.go:53.16,55.3 1 0
github.com/extmatperez/meli_bootcamp_go_w2-4/internal/employee/repository.go:57.2,57.15 1 0
github.com/extmatperez/meli_bootcamp_go_w2-4/internal/employee/repository.go:60.76,65.2 4 0
github.com/extmatperez/meli_bootcamp_go_w2-4/internal/employee/repository.go:67.80,70.16 3 0
github.com/extmatperez/meli_bootcamp_go_w2-4/internal/employee/repository.go:70.16,72.3 1 0
github.com/extmatperez/meli_bootcamp_go_w2-4/internal/employee/repository.go:74.2,75.16 2 0
github.com/extmatperez/meli_bootcamp_go_w2-4/internal/employee/repository.go:75.16,77.3 1 0
github.com/extmatperez/meli_bootcamp_go_w2-4/internal/employee/repository.go:79.2,80.16 2 0
github.com/extmatperez/meli_bootcamp_go_w2-4/internal/employee/repository.go:80.16,82.3 1 0
github.com/extmatperez/meli_bootcamp_go_w2-4/internal/employee/repository.go:84.2,84.21 1 0
github.com/extmatperez/meli_bootcamp_go_w2-4/internal/employee/repository.go:87.75,90.16 3 0
github.com/extmatperez/meli_bootcamp_go_w2-4/internal/employee/repository.go:90.16,92.3 1 0
github.com/extmatperez/meli_bootcamp_go_w2-4/internal/employee/repository.go:94.2,95.16 2 0
github.com/extmatperez/meli_bootcamp_go_w2-4/internal/employee/repository.go:95.16,97.3 1 0
github.com/extmatperez/meli_bootcamp_go_w2-4/internal/employee/repository.go:99.2,100.16 2 0
github.com/extmatperez/meli_bootcamp_go_w2-4/internal/employee/repository.go:100.16,102.3 1 0
github.com/extmatperez/meli_bootcamp_go_w2-4/internal/employee/repository.go:104.2,104.12 1 0
github.com/extmatperez/meli_bootcamp_go_w2-4/internal/employee/repository.go:107.64,110.16 3 0
github.com/extmatperez/meli_bootcamp_go_w2-4/internal/employee/repository.go:110.16,112.3 1 0
github.com/extmatperez/meli_bootcamp_go_w2-4/internal/employee/repository.go:114.2,115.16 2 0
github.com/extmatperez/meli_bootcamp_go_w2-4/internal/employee/repository.go:115.16,117.3 1 0
github.com/extmatperez/meli_bootcamp_go_w2-4/internal/employee/repository.go:119.2,120.16 2 0
github.com/extmatperez/meli_bootcamp_go_w2-4/internal/employee/repository.go:120.16,122.3 1 0
github.com/extmatperez/meli_bootcamp_go_w2-4/internal/employee/repository.go:124.2,124.16 1 0
github.com/extmatperez/meli_bootcamp_go_w2-4/internal/employee/repository.go:124.16,126.3 1 0
github.com/extmatperez/meli_bootcamp_go_w2-4/internal/employee/repository.go:128.2,128.12 1 0
github.com/extmatperez/meli_bootcamp_go_w2-4/internal/employee/service.go:29.39,33.2 1 0
github.com/extmatperez/meli_bootcamp_go_w2-4/internal/employee/service.go:36.91,39.9 2 0
github.com/extmatperez/meli_bootcamp_go_w2-4/internal/employee/service.go:39.9,41.3 1 0
github.com/extmatperez/meli_bootcamp_go_w2-4/internal/employee/service.go:43.2,44.16 2 0
github.com/extmatperez/meli_bootcamp_go_w2-4/internal/employee/service.go:44.16,46.3 1 0
github.com/extmatperez/meli_bootcamp_go_w2-4/internal/employee/service.go:48.2,50.15 2 0
github.com/extmatperez/meli_bootcamp_go_w2-4/internal/employee/service.go:54.74,56.16 2 0
github.com/extmatperez/meli_bootcamp_go_w2-4/internal/employee/service.go:56.16,58.3 1 0
github.com/extmatperez/meli_bootcamp_go_w2-4/internal/employee/service.go:59.2,59.18 1 0
github.com/extmatperez/meli_bootcamp_go_w2-4/internal/employee/service.go:63.77,65.16 2 0
github.com/extmatperez/meli_bootcamp_go_w2-4/internal/employee/service.go:65.16,67.3 1 0
github.com/extmatperez/meli_bootcamp_go_w2-4/internal/employee/service.go:69.2,69.15 1 0
github.com/extmatperez/meli_bootcamp_go_w2-4/internal/employee/service.go:73.61,75.16 2 0
github.com/extmatperez/meli_bootcamp_go_w2-4/internal/employee/service.go:75.16,77.3 1 0
github.com/extmatperez/meli_bootcamp_go_w2-4/internal/employee/service.go:78.2,78.12 1 0
github.com/extmatperez/meli_bootcamp_go_w2-4/internal/employee/service.go:82.91,85.16 2 0
github.com/extmatperez/meli_bootcamp_go_w2-4/internal/employee/service.go:85.16,87.3 1 0
github.com/extmatperez/meli_bootcamp_go_w2-4/internal/employee/service.go:89.2,89.23 1 0
github.com/extmatperez/meli_bootcamp_go_w2-4/internal/employee/service.go:89.23,91.3 1 0
github.com/extmatperez/meli_bootcamp_go_w2-4/internal/employee/service.go:93.2,93.22 1 0
github.com/extmatperez/meli_bootcamp_go_w2-4/internal/employee/service.go:93.22,95.3 1 0
github.com/extmatperez/meli_bootcamp_go_w2-4/internal/employee/service.go:97.2,97.26 1 0
github.com/extmatperez/meli_bootcamp_go_w2-4/internal/employee/service.go:97.26,100.12 2 0
github.com/extmatperez/meli_bootcamp_go_w2-4/internal/employee/service.go:100.12,102.4 1 0
github.com/extmatperez/meli_bootcamp_go_w2-4/internal/employee/service.go:103.3,103.48 1 0
github.com/extmatperez/meli_bootcamp_go_w2-4/internal/employee/service.go:106.2,106.24 1 0
github.com/extmatperez/meli_bootcamp_go_w2-4/internal/employee/service.go:106.24,108.3 1 0
github.com/extmatperez/meli_bootcamp_go_w2-4/internal/employee/service.go:110.2,111.16 2 0
github.com/extmatperez/meli_bootcamp_go_w2-4/internal/employee/service.go:111.16,113.3 1 0
github.com/extmatperez/meli_bootcamp_go_w2-4/internal/employee/service.go:114.2,114.29 1 0
github.com/extmatperez/meli_bootcamp_go_w2-4/internal/product/errors.go:17.48,19.2 1 0
github.com/extmatperez/meli_bootcamp_go_w2-4/internal/product/errors.go:21.36,23.2 1 0
github.com/extmatperez/meli_bootcamp_go_w2-4/internal/product/errors.go:25.67,27.2 1 0
github.com/extmatperez/meli_bootcamp_go_w2-4/internal/product/errors.go:29.47,31.2 1 0
github.com/extmatperez/meli_bootcamp_go_w2-4/internal/product/errors.go:33.42,35.2 1 0
github.com/extmatperez/meli_bootcamp_go_w2-4/internal/product/errors.go:37.37,39.2 1 0
github.com/extmatperez/meli_bootcamp_go_w2-4/internal/product/repository.go:24.43,28.2 1 0
github.com/extmatperez/meli_bootcamp_go_w2-4/internal/product/repository.go:30.76,33.16 3 0
github.com/extmatperez/meli_bootcamp_go_w2-4/internal/product/repository.go:33.16,35.3 1 0
github.com/extmatperez/meli_bootcamp_go_w2-4/internal/product/repository.go:37.2,39.18 2 0
github.com/extmatperez/meli_bootcamp_go_w2-4/internal/product/repository.go:39.18,43.3 3 0
github.com/extmatperez/meli_bootcamp_go_w2-4/internal/product/repository.go:45.2,45.22 1 0
github.com/extmatperez/meli_bootcamp_go_w2-4/internal/product/repository.go:48.79,53.16 5 0
github.com/extmatperez/meli_bootcamp_go_w2-4/internal/product/repository.go:53.16,55.3 1 0
github.com/extmatperez/meli_bootcamp_go_w2-4/internal/product/repository.go:57.2,57.15 1 0
github.com/extmatperez/meli_bootcamp_go_w2-4/internal/product/repository.go:60.75,65.2 4 0
github.com/extmatperez/meli_bootcamp_go_w2-4/internal/product/repository.go:67.79,70.16 3 0
github.com/extmatperez/meli_bootcamp_go_w2-4/internal/product/repository.go:70.16,72.3 1 0
github.com/extmatperez/meli_bootcamp_go_w2-4/internal/product/repository.go:74.2,75.16 2 0
github.com/extmatperez/meli_bootcamp_go_w2-4/internal/product/repository.go:75.16,77.3 1 0
github.com/extmatperez/meli_bootcamp_go_w2-4/internal/product/repository.go:79.2,80.16 2 0
github.com/extmatperez/meli_bootcamp_go_w2-4/internal/product/repository.go:80.16,82.3 1 0
github.com/extmatperez/meli_bootcamp_go_w2-4/internal/product/repository.go:84.2,84.21 1 0
github.com/extmatperez/meli_bootcamp_go_w2-4/internal/product/repository.go:87.74,90.16 3 0
github.com/extmatperez/meli_bootcamp_go_w2-4/internal/product/repository.go:90.16,92.3 1 0
github.com/extmatperez/meli_bootcamp_go_w2-4/internal/product/repository.go:94.2,95.16 2 0
github.com/extmatperez/meli_bootcamp_go_w2-4/internal/product/repository.go:95.16,97.3 1 0
github.com/extmatperez/meli_bootcamp_go_w2-4/internal/product/repository.go:99.2,100.16 2 0
github.com/extmatperez/meli_bootcamp_go_w2-4/internal/product/repository.go:100.16,102.3 1 0
github.com/extmatperez/meli_bootcamp_go_w2-4/internal/product/repository.go:104.2,104.12 1 0
github.com/extmatperez/meli_bootcamp_go_w2-4/internal/product/repository.go:107.64,110.16 3 0
github.com/extmatperez/meli_bootcamp_go_w2-4/internal/product/repository.go:110.16,112.3 1 0
github.com/extmatperez/meli_bootcamp_go_w2-4/internal/product/repository.go:114.2,115.16 2 0
github.com/extmatperez/meli_bootcamp_go_w2-4/internal/product/repository.go:115.16,117.3 1 0
github.com/extmatperez/meli_bootcamp_go_w2-4/internal/product/repository.go:119.2,120.16 2 0
github.com/extmatperez/meli_bootcamp_go_w2-4/internal/product/repository.go:120.16,122.3 1 0
github.com/extmatperez/meli_bootcamp_go_w2-4/internal/product/repository.go:124.2,124.16 1 0
github.com/extmatperez/meli_bootcamp_go_w2-4/internal/product/repository.go:124.16,126.3 1 0
github.com/extmatperez/meli_bootcamp_go_w2-4/internal/product/repository.go:128.2,128.12 1 0
github.com/extmatperez/meli_bootcamp_go_w2-4/internal/product/service.go:50.42,52.2 1 0
github.com/extmatperez/meli_bootcamp_go_w2-4/internal/product/service.go:54.88,56.16 2 0
github.com/extmatperez/meli_bootcamp_go_w2-4/internal/product/service.go:56.16,58.3 1 0
github.com/extmatperez/meli_bootcamp_go_w2-4/internal/product/service.go:60.2,60.44 1 0
github.com/extmatperez/meli_bootcamp_go_w2-4/internal/product/service.go:60.44,62.3 1 0
github.com/extmatperez/meli_bootcamp_go_w2-4/internal/product/service.go:64.2,66.16 3 0
github.com/extmatperez/meli_bootcamp_go_w2-4/internal/product/service.go:66.16,68.3 1 0
github.com/extmatperez/meli_bootcamp_go_w2-4/internal/product/service.go:70.2,71.16 2 0
github.com/extmatperez/meli_bootcamp_go_w2-4/internal/product/service.go:74.71,76.16 2 0
github.com/extmatperez/meli_bootcamp_go_w2-4/internal/product/service.go:76.16,78.3 1 0
github.com/extmatperez/meli_bootcamp_go_w2-4/internal/product/service.go:79.2,79.16 1 0
github.com/extmatperez/meli_bootcamp_go_w2-4/internal/product/service.go:82.74,84.16 2 0
github.com/extmatperez/meli_bootcamp_go_w2-4/internal/product/service.go:84.16,87.3 1 0
github.com/extmatperez/meli_bootcamp_go_w2-4/internal/product/service.go:88.2,88.15 1 0
github.com/extmatperez/meli_bootcamp_go_w2-4/internal/product/service.go:91.96,93.16 2 0
github.com/extmatperez/meli_bootcamp_go_w2-4/internal/product/service.go:93.16,95.3 1 0
github.com/extmatperez/meli_bootcamp_go_w2-4/internal/product/service.go:97.2,98.16 2 0
github.com/extmatperez/meli_bootcamp_go_w2-4/internal/product/service.go:98.16,100.3 1 0
github.com/extmatperez/meli_bootcamp_go_w2-4/internal/product/service.go:102.2,102.109 1 0
github.com/extmatperez/meli_bootcamp_go_w2-4/internal/product/service.go:102.109,104.3 1 0
github.com/extmatperez/meli_bootcamp_go_w2-4/internal/product/service.go:106.2,107.50 2 0
github.com/extmatperez/meli_bootcamp_go_w2-4/internal/product/service.go:107.50,109.3 1 0
github.com/extmatperez/meli_bootcamp_go_w2-4/internal/product/service.go:111.2,111.21 1 0
github.com/extmatperez/meli_bootcamp_go_w2-4/internal/product/service.go:114.59,116.16 2 0
github.com/extmatperez/meli_bootcamp_go_w2-4/internal/product/service.go:116.16,117.21 1 0
github.com/extmatperez/meli_bootcamp_go_w2-4/internal/product/service.go:118.21,119.29 1 0
github.com/extmatperez/meli_bootcamp_go_w2-4/internal/product/service.go:120.11,121.52 1 0
github.com/extmatperez/meli_bootcamp_go_w2-4/internal/product/service.go:124.2,124.12 1 0
github.com/extmatperez/meli_bootcamp_go_w2-4/internal/product/service.go:127.65,128.23 1 0
github.com/extmatperez/meli_bootcamp_go_w2-4/internal/product/service.go:128.23,129.28 1 0
github.com/extmatperez/meli_bootcamp_go_w2-4/internal/product/service.go:129.28,131.4 1 0
github.com/extmatperez/meli_bootcamp_go_w2-4/internal/product/service.go:133.2,133.13 1 0
github.com/extmatperez/meli_bootcamp_go_w2-4/internal/product/service.go:136.60,150.2 1 0
github.com/extmatperez/meli_bootcamp_go_w2-4/internal/product/service.go:152.71,165.2 12 0
github.com/extmatperez/meli_bootcamp_go_w2-4/internal/section/repository.go:24.43,28.2 1 0
github.com/extmatperez/meli_bootcamp_go_w2-4/internal/section/repository.go:30.76,33.16 3 0
github.com/extmatperez/meli_bootcamp_go_w2-4/internal/section/repository.go:33.16,35.3 1 0
github.com/extmatperez/meli_bootcamp_go_w2-4/internal/section/repository.go:37.2,39.18 2 0
github.com/extmatperez/meli_bootcamp_go_w2-4/internal/section/repository.go:39.18,43.3 3 0
github.com/extmatperez/meli_bootcamp_go_w2-4/internal/section/repository.go:45.2,45.22 1 0
github.com/extmatperez/meli_bootcamp_go_w2-4/internal/section/repository.go:48.79,53.16 5 0
github.com/extmatperez/meli_bootcamp_go_w2-4/internal/section/repository.go:53.16,55.3 1 0
github.com/extmatperez/meli_bootcamp_go_w2-4/internal/section/repository.go:57.2,57.15 1 0
github.com/extmatperez/meli_bootcamp_go_w2-4/internal/section/repository.go:60.74,65.2 4 0
github.com/extmatperez/meli_bootcamp_go_w2-4/internal/section/repository.go:67.79,70.16 3 0
github.com/extmatperez/meli_bootcamp_go_w2-4/internal/section/repository.go:70.16,72.3 1 0
github.com/extmatperez/meli_bootcamp_go_w2-4/internal/section/repository.go:74.2,75.16 2 0
github.com/extmatperez/meli_bootcamp_go_w2-4/internal/section/repository.go:75.16,77.3 1 0
github.com/extmatperez/meli_bootcamp_go_w2-4/internal/section/repository.go:79.2,80.16 2 0
github.com/extmatperez/meli_bootcamp_go_w2-4/internal/section/repository.go:80.16,82.3 1 0
github.com/extmatperez/meli_bootcamp_go_w2-4/internal/section/repository.go:84.2,84.21 1 0
github.com/extmatperez/meli_bootcamp_go_w2-4/internal/section/repository.go:87.92,90.16 3 0
github.com/extmatperez/meli_bootcamp_go_w2-4/internal/section/repository.go:90.16,92.3 1 0
github.com/extmatperez/meli_bootcamp_go_w2-4/internal/section/repository.go:94.2,95.16 2 0
github.com/extmatperez/meli_bootcamp_go_w2-4/internal/section/repository.go:95.16,97.3 1 0
github.com/extmatperez/meli_bootcamp_go_w2-4/internal/section/repository.go:99.2,100.16 2 0
github.com/extmatperez/meli_bootcamp_go_w2-4/internal/section/repository.go:100.16,102.3 1 0
github.com/extmatperez/meli_bootcamp_go_w2-4/internal/section/repository.go:104.2,104.15 1 0
github.com/extmatperez/meli_bootcamp_go_w2-4/internal/section/repository.go:107.64,110.16 3 0
github.com/extmatperez/meli_bootcamp_go_w2-4/internal/section/repository.go:110.16,112.3 1 0
github.com/extmatperez/meli_bootcamp_go_w2-4/internal/section/repository.go:114.2,115.16 2 0
github.com/extmatperez/meli_bootcamp_go_w2-4/internal/section/repository.go:115.16,117.3 1 0
github.com/extmatperez/meli_bootcamp_go_w2-4/internal/section/repository.go:119.2,120.16 2 0
github.com/extmatperez/meli_bootcamp_go_w2-4/internal/section/repository.go:120.16,122.3 1 0
github.com/extmatperez/meli_bootcamp_go_w2-4/internal/section/repository.go:124.2,124.16 1 0
github.com/extmatperez/meli_bootcamp_go_w2-4/internal/section/repository.go:124.16,126.3 1 0
github.com/extmatperez/meli_bootcamp_go_w2-4/internal/section/repository.go:128.2,128.12 1 0
github.com/extmatperez/meli_bootcamp_go_w2-4/internal/section/service.go:52.39,56.2 1 0
github.com/extmatperez/meli_bootcamp_go_w2-4/internal/section/service.go:58.98,60.25 2 0
github.com/extmatperez/meli_bootcamp_go_w2-4/internal/section/service.go:60.25,62.3 1 0
github.com/extmatperez/meli_bootcamp_go_w2-4/internal/section/service.go:63.2,65.16 3 0
github.com/extmatperez/meli_bootcamp_go_w2-4/internal/section/service.go:65.16,67.3 1 0
github.com/extmatperez/meli_bootcamp_go_w2-4/internal/section/service.go:69.2,81.17 2 0
github.com/extmatperez/meli_bootcamp_go_w2-4/internal/section/service.go:85.73,87.16 2 0
github.com/extmatperez/meli_bootcamp_go_w2-4/internal/section/service.go:87.16,89.3 1 0
github.com/extmatperez/meli_bootcamp_go_w2-4/internal/section/service.go:90.2,90.17 1 0
github.com/extmatperez/meli_bootcamp_go_w2-4/internal/section/service.go:93.76,95.16 2 0
github.com/extmatperez/meli_bootcamp_go_w2-4/internal/section/service.go:95.16,97.3 1 0
github.com/extmatperez/meli_bootcamp_go_w2-4/internal/section/service.go:99.2,99.21 1 0
github.com/extmatperez/meli_bootcamp_go_w2-4/internal/section/service.go:103.61,105.16 2 0
github.com/extmatperez/meli_bootcamp_go_w2-4/internal/section/service.go:105.16,107.3 1 0
github.com/extmatperez/meli_bootcamp_go_w2-4/internal/section/service.go:108.2,108.37 1 0
github.com/extmatperez/meli_bootcamp_go_w2-4/internal/section/service.go:111.98,113.16 2 0
github.com/extmatperez/meli_bootcamp_go_w2-4/internal/section/service.go:113.16,115.3 1 0
github.com/extmatperez/meli_bootcamp_go_w2-4/internal/section/service.go:116.2,118.68 3 0
github.com/extmatperez/meli_bootcamp_go_w2-4/internal/section/service.go:118.68,120.3 1 0
github.com/extmatperez/meli_bootcamp_go_w2-4/internal/section/service.go:121.2,122.17 2 0
github.com/extmatperez/meli_bootcamp_go_w2-4/internal/section/service.go:125.58,126.30 1 0
github.com/extmatperez/meli_bootcamp_go_w2-4/internal/section/service.go:126.30,128.3 1 0
github.com/extmatperez/meli_bootcamp_go_w2-4/internal/section/service.go:130.2,130.35 1 0
github.com/extmatperez/meli_bootcamp_go_w2-4/internal/section/service.go:130.35,132.3 1 0
github.com/extmatperez/meli_bootcamp_go_w2-4/internal/section/service.go:134.2,134.35 1 0
github.com/extmatperez/meli_bootcamp_go_w2-4/internal/section/service.go:134.35,136.3 1 0
github.com/extmatperez/meli_bootcamp_go_w2-4/internal/section/service.go:138.2,138.32 1 0
github.com/extmatperez/meli_bootcamp_go_w2-4/internal/section/service.go:138.32,140.3 1 0
github.com/extmatperez/meli_bootcamp_go_w2-4/internal/section/service.go:142.2,142.32 1 0
github.com/extmatperez/meli_bootcamp_go_w2-4/internal/section/service.go:142.32,144.3 1 0
github.com/extmatperez/meli_bootcamp_go_w2-4/internal/section/service.go:146.2,146.32 1 0
github.com/extmatperez/meli_bootcamp_go_w2-4/internal/section/service.go:146.32,148.3 1 0
github.com/extmatperez/meli_bootcamp_go_w2-4/internal/section/service.go:150.2,150.28 1 0
github.com/extmatperez/meli_bootcamp_go_w2-4/internal/section/service.go:150.28,152.3 1 0
github.com/extmatperez/meli_bootcamp_go_w2-4/internal/section/service.go:154.2,154.30 1 0
github.com/extmatperez/meli_bootcamp_go_w2-4/internal/section/service.go:154.30,156.3 1 0
github.com/extmatperez/meli_bootcamp_go_w2-4/internal/section/service.go:159.64,170.2 1 0
github.com/extmatperez/meli_bootcamp_go_w2-4/internal/seller/repository.go:24.43,28.2 1 0
github.com/extmatperez/meli_bootcamp_go_w2-4/internal/seller/repository.go:30.75,33.16 3 0
github.com/extmatperez/meli_bootcamp_go_w2-4/internal/seller/repository.go:33.16,35.3 1 0
github.com/extmatperez/meli_bootcamp_go_w2-4/internal/seller/repository.go:37.2,39.18 2 0
github.com/extmatperez/meli_bootcamp_go_w2-4/internal/seller/repository.go:39.18,43.3 3 0
github.com/extmatperez/meli_bootcamp_go_w2-4/internal/seller/repository.go:45.2,45.21 1 0
github.com/extmatperez/meli_bootcamp_go_w2-4/internal/seller/repository.go:48.78,53.16 5 0
github.com/extmatperez/meli_bootcamp_go_w2-4/internal/seller/repository.go:53.16,55.3 1 0
github.com/extmatperez/meli_bootcamp_go_w2-4/internal/seller/repository.go:57.2,57.15 1 0
github.com/extmatperez/meli_bootcamp_go_w2-4/internal/seller/repository.go:60.64,65.2 4 0
github.com/extmatperez/meli_bootcamp_go_w2-4/internal/seller/repository.go:67.78,70.16 3 0
github.com/extmatperez/meli_bootcamp_go_w2-4/internal/seller/repository.go:70.16,72.3 1 0
github.com/extmatperez/meli_bootcamp_go_w2-4/internal/seller/repository.go:74.2,75.16 2 0
github.com/extmatperez/meli_bootcamp_go_w2-4/internal/seller/repository.go:75.16,77.3 1 0
github.com/extmatperez/meli_bootcamp_go_w2-4/internal/seller/repository.go:79.2,80.16 2 0
github.com/extmatperez/meli_bootcamp_go_w2-4/internal/seller/repository.go:80.16,82.3 1 0
github.com/extmatperez/meli_bootcamp_go_w2-4/internal/seller/repository.go:84.2,84.21 1 0
github.com/extmatperez/meli_bootcamp_go_w2-4/internal/seller/repository.go:87.73,90.16 3 0
github.com/extmatperez/meli_bootcamp_go_w2-4/internal/seller/repository.go:90.16,92.3 1 0
github.com/extmatperez/meli_bootcamp_go_w2-4/internal/seller/repository.go:94.2,95.16 2 0
github.com/extmatperez/meli_bootcamp_go_w2-4/internal/seller/repository.go:95.16,97.3 1 0
github.com/extmatperez/meli_bootcamp_go_w2-4/internal/seller/repository.go:99.2,100.16 2 0
github.com/extmatperez/meli_bootcamp_go_w2-4/internal/seller/repository.go:100.16,102.3 1 0
github.com/extmatperez/meli_bootcamp_go_w2-4/internal/seller/repository.go:104.2,104.12 1 0
github.com/extmatperez/meli_bootcamp_go_w2-4/internal/seller/repository.go:107.64,110.16 3 0
github.com/extmatperez/meli_bootcamp_go_w2-4/internal/seller/repository.go:110.16,112.3 1 0
github.com/extmatperez/meli_bootcamp_go_w2-4/internal/seller/repository.go:114.2,115.16 2 0
github.com/extmatperez/meli_bootcamp_go_w2-4/internal/seller/repository.go:115.16,117.3 1 0
github.com/extmatperez/meli_bootcamp_go_w2-4/internal/seller/repository.go:119.2,120.16 2 0
github.com/extmatperez/meli_bootcamp_go_w2-4/internal/seller/repository.go:120.16,122.3 1 0
github.com/extmatperez/meli_bootcamp_go_w2-4/internal/seller/repository.go:124.2,124.16 1 0
github.com/extmatperez/meli_bootcamp_go_w2-4/internal/seller/repository.go:124.16,126.3 1 0
github.com/extmatperez/meli_bootcamp_go_w2-4/internal/seller/repository.go:128.2,128.12 1 0
github.com/extmatperez/meli_bootcamp_go_w2-4/internal/seller/service.go:30.39,34.2 1 0
github.com/extmatperez/meli_bootcamp_go_w2-4/internal/seller/service.go:36.70,38.16 2 0
github.com/extmatperez/meli_bootcamp_go_w2-4/internal/seller/service.go:38.16,40.3 1 0
github.com/extmatperez/meli_bootcamp_go_w2-4/internal/seller/service.go:41.2,41.21 1 0
github.com/extmatperez/meli_bootcamp_go_w2-4/internal/seller/service.go:44.73,46.16 2 0
github.com/extmatperez/meli_bootcamp_go_w2-4/internal/seller/service.go:46.16,48.3 1 0
github.com/extmatperez/meli_bootcamp_go_w2-4/internal/seller/service.go:49.2,49.20 1 0
github.com/extmatperez/meli_bootcamp_go_w2-4/internal/seller/service.go:52.88,54.22 2 0
github.com/extmatperez/meli_bootcamp_go_w2-4/internal/seller/service.go:54.22,56.3 1 0
github.com/extmatperez/meli_bootcamp_go_w2-4/internal/seller/service.go:57.2,58.16 2 0
github.com/extmatperez/meli_bootcamp_go_w2-4/internal/seller/service.go:58.16,60.3 1 0
github.com/extmatperez/meli_bootcamp_go_w2-4/internal/seller/service.go:61.2,62.20 2 0
github.com/extmatperez/meli_bootcamp_go_w2-4/internal/seller/service.go:65.101,67.16 2 0
github.com/extmatperez/meli_bootcamp_go_w2-4/internal/seller/service.go:67.16,69.3 1 0
github.com/extmatperez/meli_bootcamp_go_w2-4/internal/seller/service.go:71.2,71.24 1 0
github.com/extmatperez/meli_bootcamp_go_w2-4/internal/seller/service.go:71.24,73.34 1 0
github.com/extmatperez/meli_bootcamp_go_w2-4/internal/seller/service.go:73.34,76.24 2 0
github.com/extmatperez/meli_bootcamp_go_w2-4/internal/seller/service.go:76.24,78.5 1 0
github.com/extmatperez/meli_bootcamp_go_w2-4/internal/seller/service.go:80.3,80.29 1 0
github.com/extmatperez/meli_bootcamp_go_w2-4/internal/seller/service.go:82.2,82.29 1 0
github.com/extmatperez/meli_bootcamp_go_w2-4/internal/seller/service.go:82.29,84.3 1 0
github.com/extmatperez/meli_bootcamp_go_w2-4/internal/seller/service.go:85.2,85.33 1 0
github.com/extmatperez/meli_bootcamp_go_w2-4/internal/seller/service.go:85.33,87.3 1 0
github.com/extmatperez/meli_bootcamp_go_w2-4/internal/seller/service.go:88.2,88.31 1 0
github.com/extmatperez/meli_bootcamp_go_w2-4/internal/seller/service.go:88.31,90.3 1 0
github.com/extmatperez/meli_bootcamp_go_w2-4/internal/seller/service.go:92.2,93.22 2 0
github.com/extmatperez/meli_bootcamp_go_w2-4/internal/seller/service.go:93.22,95.3 1 0
github.com/extmatperez/meli_bootcamp_go_w2-4/internal/seller/service.go:96.2,96.20 1 0
github.com/extmatperez/meli_bootcamp_go_w2-4/internal/seller/service.go:99.59,101.16 2 0
github.com/extmatperez/meli_bootcamp_go_w2-4/internal/seller/service.go:101.16,103.3 1 0
github.com/extmatperez/meli_bootcamp_go_w2-4/internal/seller/service.go:104.2,105.22 2 0
github.com/extmatperez/meli_bootcamp_go_w2-4/internal/seller/service.go:105.22,107.3 1 0
github.com/extmatperez/meli_bootcamp_go_w2-4/internal/seller/service.go:108.2,108.12 1 0
github.com/extmatperez/meli_bootcamp_go_w2-4/internal/warehouse/repository.go:24.43,28.2 1 0
github.com/extmatperez/meli_bootcamp_go_w2-4/internal/warehouse/repository.go:30.78,33.16 3 0
github.com/extmatperez/meli_bootcamp_go_w2-4/internal/warehouse/repository.go:33.16,35.3 1 0
github.com/extmatperez/meli_bootcamp_go_w2-4/internal/warehouse/repository.go:37.2,39.18 2 0
github.com/extmatperez/meli_bootcamp_go_w2-4/internal/warehouse/repository.go:39.18,43.3 3 0
github.com/extmatperez/meli_bootcamp_go_w2-4/internal/warehouse/repository.go:45.2,45.24 1 0
github.com/extmatperez/meli_bootcamp_go_w2-4/internal/warehouse/repository.go:48.81,53.16 5 0
github.com/extmatperez/meli_bootcamp_go_w2-4/internal/warehouse/repository.go:53.16,55.3 1 0
github.com/extmatperez/meli_bootcamp_go_w2-4/internal/warehouse/repository.go:57.2,57.15 1 0
github.com/extmatperez/meli_bootcamp_go_w2-4/internal/warehouse/repository.go:60.77,65.2 4 0
github.com/extmatperez/meli_bootcamp_go_w2-4/internal/warehouse/repository.go:67.81,70.16 3 0
github.com/extmatperez/meli_bootcamp_go_w2-4/internal/warehouse/repository.go:70.16,72.3 1 0
github.com/extmatperez/meli_bootcamp_go_w2-4/internal/warehouse/repository.go:74.2,75.16 2 0
github.com/extmatperez/meli_bootcamp_go_w2-4/internal/warehouse/repository.go:75.16,77.3 1 0
github.com/extmatperez/meli_bootcamp_go_w2-4/internal/warehouse/repository.go:79.2,80.16 2 0
github.com/extmatperez/meli_bootcamp_go_w2-4/internal/warehouse/repository.go:80.16,82.3 1 0
github.com/extmatperez/meli_bootcamp_go_w2-4/internal/warehouse/repository.go:84.2,84.21 1 0
github.com/extmatperez/meli_bootcamp_go_w2-4/internal/warehouse/repository.go:87.76,90.16 3 0
github.com/extmatperez/meli_bootcamp_go_w2-4/internal/warehouse/repository.go:90.16,92.3 1 0
github.com/extmatperez/meli_bootcamp_go_w2-4/internal/warehouse/repository.go:94.2,95.16 2 0
github.com/extmatperez/meli_bootcamp_go_w2-4/internal/warehouse/repository.go:95.16,97.3 1 0
github.com/extmatperez/meli_bootcamp_go_w2-4/internal/warehouse/repository.go:99.2,100.16 2 0
github.com/extmatperez/meli_bootcamp_go_w2-4/internal/warehouse/repository.go:100.16,102.3 1 0
github.com/extmatperez/meli_bootcamp_go_w2-4/internal/warehouse/repository.go:104.2,104.12 1 0
github.com/extmatperez/meli_bootcamp_go_w2-4/internal/warehouse/repository.go:107.64,110.16 3 0
github.com/extmatperez/meli_bootcamp_go_w2-4/internal/warehouse/repository.go:110.16,112.3 1 0
github.com/extmatperez/meli_bootcamp_go_w2-4/internal/warehouse/repository.go:114.2,115.16 2 0
github.com/extmatperez/meli_bootcamp_go_w2-4/internal/warehouse/repository.go:115.16,117.3 1 0
github.com/extmatperez/meli_bootcamp_go_w2-4/internal/warehouse/repository.go:119.2,120.16 2 0
github.com/extmatperez/meli_bootcamp_go_w2-4/internal/warehouse/repository.go:120.16,122.3 1 0
github.com/extmatperez/meli_bootcamp_go_w2-4/internal/warehouse/repository.go:124.2,124.16 1 0
github.com/extmatperez/meli_bootcamp_go_w2-4/internal/warehouse/repository.go:124.16,126.3 1 0
github.com/extmatperez/meli_bootcamp_go_w2-4/internal/warehouse/repository.go:128.2,128.12 1 0
github.com/extmatperez/meli_bootcamp_go_w2-4/internal/warehouse/service.go:32.39,36.2 1 0
github.com/extmatperez/meli_bootcamp_go_w2-4/internal/warehouse/service.go:45.93,47.11 2 0
github.com/extmatperez/meli_bootcamp_go_w2-4/internal/warehouse/service.go:47.11,49.3 1 0
github.com/extmatperez/meli_bootcamp_go_w2-4/internal/warehouse/service.go:51.2,52.16 2 0
github.com/extmatperez/meli_bootcamp_go_w2-4/internal/warehouse/service.go:52.16,54.3 1 0
github.com/extmatperez/meli_bootcamp_go_w2-4/internal/warehouse/service.go:56.2,58.15 2 0
github.com/extmatperez/meli_bootcamp_go_w2-4/internal/warehouse/service.go:66.75,68.16 2 0
github.com/extmatperez/meli_bootcamp_go_w2-4/internal/warehouse/service.go:68.16,70.3 1 0
github.com/extmatperez/meli_bootcamp_go_w2-4/internal/warehouse/service.go:72.2,72.18 1 0
github.com/extmatperez/meli_bootcamp_go_w2-4/internal/warehouse/service.go:82.78,84.16 2 0
github.com/extmatperez/meli_bootcamp_go_w2-4/internal/warehouse/service.go:84.16,86.3 1 0
github.com/extmatperez/meli_bootcamp_go_w2-4/internal/warehouse/service.go:88.2,88.15 1 0
github.com/extmatperez/meli_bootcamp_go_w2-4/internal/warehouse/service.go:100.93,102.16 2 0
github.com/extmatperez/meli_bootcamp_go_w2-4/internal/warehouse/service.go:102.16,104.3 1 0
github.com/extmatperez/meli_bootcamp_go_w2-4/internal/warehouse/service.go:106.2,106.21 1 0
github.com/extmatperez/meli_bootcamp_go_w2-4/internal/warehouse/service.go:106.21,108.3 1 0
github.com/extmatperez/meli_bootcamp_go_w2-4/internal/warehouse/service.go:109.2,109.23 1 0
github.com/extmatperez/meli_bootcamp_go_w2-4/internal/warehouse/service.go:109.23,111.3 1 0
github.com/extmatperez/meli_bootcamp_go_w2-4/internal/warehouse/service.go:112.2,112.27 1 0
github.com/extmatperez/meli_bootcamp_go_w2-4/internal/warehouse/service.go:112.27,113.56 1 0
github.com/extmatperez/meli_bootcamp_go_w2-4/internal/warehouse/service.go:113.56,114.49 1 0
github.com/extmatperez/meli_bootcamp_go_w2-4/internal/warehouse/service.go:114.49,116.5 1 0
github.com/extmatperez/meli_bootcamp_go_w2-4/internal/warehouse/service.go:117.4,117.52 1 0
github.com/extmatperez/meli_bootcamp_go_w2-4/internal/warehouse/service.go:121.2,121.28 1 0
github.com/extmatperez/meli_bootcamp_go_w2-4/internal/warehouse/service.go:121.28,123.3 1 0
github.com/extmatperez/meli_bootcamp_go_w2-4/internal/warehouse/service.go:124.2,124.31 1 0
github.com/extmatperez/meli_bootcamp_go_w2-4/internal/warehouse/service.go:124.31,126.3 1 0
github.com/extmatperez/meli_bootcamp_go_w2-4/internal/warehouse/service.go:128.2,129.16 2 0
github.com/extmatperez/meli_bootcamp_go_w2-4/internal/warehouse/service.go:129.16,131.3 1 0
github.com/extmatperez/meli_bootcamp_go_w2-4/internal/warehouse/service.go:133.2,133.30 1 0
github.com/extmatperez/meli_bootcamp_go_w2-4/internal/warehouse/service.go:143.61,145.16 2 0
github.com/extmatperez/meli_bootcamp_go_w2-4/internal/warehouse/service.go:145.16,147.3 1 0
github.com/extmatperez/meli_bootcamp_go_w2-4/internal/warehouse/service.go:149.2,149.12 1 0
github.com/extmatperez/meli_bootcamp_go_w2-4/pkg/optional/optional.go:8.27,11.2 2 0
github.com/extmatperez/meli_bootcamp_go_w2-4/pkg/optional/optional.go:13.36,15.2 1 0
github.com/extmatperez/meli_bootcamp_go_w2-4/pkg/optional/optional.go:17.37,18.16 1 0
github.com/extmatperez/meli_bootcamp_go_w2-4/pkg/optional/optional.go:18.16,20.3 1 0
github.com/extmatperez/meli_bootcamp_go_w2-4/pkg/optional/optional.go:21.2,21.22 1 0
github.com/extmatperez/meli_bootcamp_go_w2-4/pkg/optional/optional.go:24.36,26.2 1 0
github.com/extmatperez/meli_bootcamp_go_w2-4/pkg/optional/optional.go:30.30,31.14 1 0
github.com/extmatperez/meli_bootcamp_go_w2-4/pkg/optional/optional.go:31.14,33.3 1 0
github.com/extmatperez/meli_bootcamp_go_w2-4/pkg/optional/optional.go:34.2,34.12 1 0
github.com/extmatperez/meli_bootcamp_go_w2-4/pkg/testutil/server.go:22.33,26.2 3 22
github.com/extmatperez/meli_bootcamp_go_w2-4/pkg/testutil/server.go:28.92,33.2 4 22
github.com/extmatperez/meli_bootcamp_go_w2-4/pkg/web/response.go:21.61,23.2 1 23
github.com/extmatperez/meli_bootcamp_go_w2-4/pkg/web/response.go:25.60,27.2 1 8
github.com/extmatperez/meli_bootcamp_go_w2-4/pkg/web/response.go:31.76,39.2 2 15
github.com/extmatperez/meli_bootcamp_go_w2-4/pkg/web/middleware/body.go:12.36,13.30 1 0
github.com/extmatperez/meli_bootcamp_go_w2-4/pkg/web/middleware/body.go:13.30,15.44 2 0
github.com/extmatperez/meli_bootcamp_go_w2-4/pkg/web/middleware/body.go:15.44,19.4 3 0
github.com/extmatperez/meli_bootcamp_go_w2-4/pkg/web/middleware/body.go:20.3,21.11 2 0
github.com/extmatperez/meli_bootcamp_go_w2-4/pkg/web/middleware/body.go:25.39,27.2 1 0
github.com/extmatperez/meli_bootcamp_go_w2-4/pkg/web/middleware/path.go:16.37,17.30 1 0
github.com/extmatperez/meli_bootcamp_go_w2-4/pkg/web/middleware/path.go:17.30,18.25 1 0
github.com/extmatperez/meli_bootcamp_go_w2-4/pkg/web/middleware/path.go:18.25,19.60 1 0
github.com/extmatperez/meli_bootcamp_go_w2-4/pkg/web/middleware/path.go:22.3,24.17 3 0
github.com/extmatperez/meli_bootcamp_go_w2-4/pkg/web/middleware/path.go:24.17,27.4 2 0
github.com/extmatperez/meli_bootcamp_go_w2-4/pkg/web/middleware/path.go:29.3,32.11 3 0
